2016-08-03 20:23:51 Debug: Notice (8): Undefined variable: personals in [C:\xampp\htdocs\isia\View\Users\index.ctp, line 111]
Trace:
include - APP\View\Users\index.ctp, line 111
View::_evaluate() - APP\cakephp\lib\Cake\View\View.php, line 954
View::_render() - APP\cakephp\lib\Cake\View\View.php, line 916
View::render() - APP\cakephp\lib\Cake\View\View.php, line 473
Controller::render() - APP\cakephp\lib\Cake\Controller\Controller.php, line 959
Dispatcher::_invoke() - APP\cakephp\lib\Cake\Routing\Dispatcher.php, line 200
Dispatcher::dispatch() - APP\cakephp\lib\Cake\Routing\Dispatcher.php, line 167
[main] - APP\webroot\index.php, line 109

2016-08-03 14:39:58 Debug: permission: actionUrl-users/index
2016-08-04 13:48:34 Debug: permission: actionUrl-Users/index
2016-08-09 11:55:56 Debug: permission: actionUrl-categories/index
2016-08-11 21:35:28 Debug: permission: actionUrl-states/index
2016-08-16 11:58:30 Debug: permission: actionUrl-clients/index
2016-08-16 16:20:56 Debug: permission: actionUrl-destinations/index
2016-08-17 08:00:24 Debug: permission: actionUrl-groups/index
2016-08-17 12:02:25 Debug: permission: actionUrl-forumqs/add
2016-08-17 16:03:49 Debug: permission: actionUrl-forumqs/view
2016-08-19 13:04:18 Debug: permission: actionUrl-destinations/index
2016-08-21 16:12:54 Debug: permission: actionUrl-groups/view
2016-08-21 16:12:57 Debug: permission: actionUrl-commentaries/view
2016-08-23 17:55:20 Debug: permission: actionUrl-forumqs/index
2016-08-24 14:23:57 Debug: permission: actionUrl-destinations/view
2016-08-25 16:05:33 Debug: permission: actionUrl-pages/dashboard
2016-08-31 14:55:04 Debug: permission: actionUrl-activities/edit
2016-09-06 13:41:57 Debug: permission: actionUrl-cities/index
2016-09-06 17:42:37 Debug: permission: actionUrl-states/index
2016-09-07 14:07:47 Debug: permission: actionUrl-cities/index
2016-09-07 15:03:03 Debug: permission: actionUrl-destinations/edit
2016-09-07 17:47:22 Debug: permission: actionUrl-clients/index
2016-09-09 12:29:48 Debug: permission: actionUrl-clients/index
2016-09-09 13:55:26 Debug: permission: actionUrl-destinations/view
2016-09-09 15:11:19 Debug: permission: actionUrl-destinations/index
2016-09-09 16:26:47 Debug: permission: actionUrl-destinations/index
2016-09-09 16:31:25 Debug: permission: actionUrl-destinations/index
2016-09-13 13:46:06 Debug: permission: actionUrl-destinations/index
